mode: atomic
github.com/nikogura/k8sctl/pkg/k8sctl/k8sctl.go:23.56,26.2 2 0
github.com/nikogura/k8sctl/pkg/k8sctl/k8sctl.go:47.67,54.16 5 0
github.com/nikogura/k8sctl/pkg/k8sctl/k8sctl.go:54.16,58.3 3 0
github.com/nikogura/k8sctl/pkg/k8sctl/k8sctl.go:60.2,64.16 4 0
github.com/nikogura/k8sctl/pkg/k8sctl/k8sctl.go:64.16,68.3 3 0
github.com/nikogura/k8sctl/pkg/k8sctl/k8sctl.go:71.2,77.16 6 0
github.com/nikogura/k8sctl/pkg/k8sctl/k8sctl.go:77.16,81.3 3 0
github.com/nikogura/k8sctl/pkg/k8sctl/k8sctl.go:83.2,83.31 1 0
github.com/nikogura/k8sctl/pkg/k8sctl/k8sctl.go:87.62,91.16 3 0
github.com/nikogura/k8sctl/pkg/k8sctl/k8sctl.go:91.16,95.3 3 0
github.com/nikogura/k8sctl/pkg/k8sctl/k8sctl.go:98.2,107.28 7 0
github.com/nikogura/k8sctl/pkg/k8sctl/k8sctl.go:107.28,112.3 4 0
github.com/nikogura/k8sctl/pkg/k8sctl/k8sctl.go:115.2,117.16 3 0
github.com/nikogura/k8sctl/pkg/k8sctl/k8sctl.go:117.16,121.3 3 0
github.com/nikogura/k8sctl/pkg/k8sctl/k8sctl.go:125.2,135.16 8 0
github.com/nikogura/k8sctl/pkg/k8sctl/k8sctl.go:135.16,140.3 4 0
github.com/nikogura/k8sctl/pkg/k8sctl/k8sctl.go:143.2,144.16 2 0
github.com/nikogura/k8sctl/pkg/k8sctl/k8sctl.go:144.16,149.3 4 0
github.com/nikogura/k8sctl/pkg/k8sctl/k8sctl.go:152.2,153.16 2 0
github.com/nikogura/k8sctl/pkg/k8sctl/k8sctl.go:153.16,158.3 4 0
github.com/nikogura/k8sctl/pkg/k8sctl/k8sctl.go:161.2,161.21 1 0
github.com/nikogura/k8sctl/pkg/k8sctl/k8sctl.go:161.21,164.3 2 0
github.com/nikogura/k8sctl/pkg/k8sctl/k8sctl.go:167.2,168.16 2 0
github.com/nikogura/k8sctl/pkg/k8sctl/k8sctl.go:168.16,173.3 4 0
github.com/nikogura/k8sctl/pkg/k8sctl/k8sctl.go:175.2,179.16 3 0
github.com/nikogura/k8sctl/pkg/k8sctl/k8sctl.go:179.16,183.3 3 0
github.com/nikogura/k8sctl/pkg/k8sctl/k8sctl.go:186.62,190.16 3 0
github.com/nikogura/k8sctl/pkg/k8sctl/k8sctl.go:190.16,194.3 3 0
github.com/nikogura/k8sctl/pkg/k8sctl/k8sctl.go:197.2,205.28 6 0
github.com/nikogura/k8sctl/pkg/k8sctl/k8sctl.go:205.28,210.3 4 0
github.com/nikogura/k8sctl/pkg/k8sctl/k8sctl.go:213.2,215.16 3 0
github.com/nikogura/k8sctl/pkg/k8sctl/k8sctl.go:215.16,219.3 3 0
github.com/nikogura/k8sctl/pkg/k8sctl/k8sctl.go:222.2,223.16 2 0
github.com/nikogura/k8sctl/pkg/k8sctl/k8sctl.go:223.16,227.3 3 0
github.com/nikogura/k8sctl/pkg/k8sctl/k8sctl.go:231.61,237.2 3 0
github.com/nikogura/k8sctl/pkg/k8sctl/k8sctl.go:239.64,245.2 3 0
github.com/nikogura/k8sctl/pkg/k8sctl/k8sctl.go:247.68,258.16 5 0
github.com/nikogura/k8sctl/pkg/k8sctl/k8sctl.go:258.16,262.3 3 0
github.com/nikogura/k8sctl/pkg/k8sctl/k8sctl.go:264.2,270.16 5 0
github.com/nikogura/k8sctl/pkg/k8sctl/k8sctl.go:270.16,274.3 3 0
github.com/nikogura/k8sctl/pkg/k8sctl/k8sctl.go:277.2,278.16 2 0
github.com/nikogura/k8sctl/pkg/k8sctl/k8sctl.go:278.16,282.3 3 0
github.com/nikogura/k8sctl/pkg/k8sctl/k8sctl.go:285.2,286.16 2 0
github.com/nikogura/k8sctl/pkg/k8sctl/k8sctl.go:286.16,290.3 3 0
github.com/nikogura/k8sctl/pkg/k8sctl/k8sctl.go:293.2,294.16 2 0
github.com/nikogura/k8sctl/pkg/k8sctl/k8sctl.go:294.16,298.3 3 0
github.com/nikogura/k8sctl/pkg/k8sctl/k8sctl.go:302.2,304.41 3 0
github.com/nikogura/k8sctl/pkg/k8sctl/k8sctl.go:304.41,308.3 3 0
github.com/nikogura/k8sctl/pkg/k8sctl/k8sctl.go:310.2,311.32 2 0
github.com/nikogura/k8sctl/pkg/k8sctl/k8sctl.go:311.32,313.3 1 0
github.com/nikogura/k8sctl/pkg/k8sctl/k8sctl.go:315.2,316.47 2 0
github.com/nikogura/k8sctl/pkg/k8sctl/k8sctl.go:316.47,317.37 1 0
github.com/nikogura/k8sctl/pkg/k8sctl/k8sctl.go:317.37,320.4 2 0
github.com/nikogura/k8sctl/pkg/k8sctl/k8sctl.go:324.2,337.28 3 0
github.com/nikogura/k8sctl/pkg/k8sctl/k8sctl.go:337.28,338.38 1 0
github.com/nikogura/k8sctl/pkg/k8sctl/k8sctl.go:338.38,340.4 1 0
github.com/nikogura/k8sctl/pkg/k8sctl/k8sctl.go:342.3,342.14 1 0
github.com/nikogura/k8sctl/pkg/k8sctl/k8sctl.go:342.14,344.39 2 0
github.com/nikogura/k8sctl/pkg/k8sctl/k8sctl.go:344.39,346.5 1 0
github.com/nikogura/k8sctl/pkg/k8sctl/k8sctl.go:347.4,348.18 2 0
github.com/nikogura/k8sctl/pkg/k8sctl/k8sctl.go:348.18,352.5 3 0
github.com/nikogura/k8sctl/pkg/k8sctl/k8sctl.go:353.4,353.27 1 0
github.com/nikogura/k8sctl/pkg/k8sctl/k8sctl.go:358.2,358.41 1 0
github.com/nikogura/k8sctl/pkg/k8sctl/k8sctl.go:358.41,360.25 2 0
github.com/nikogura/k8sctl/pkg/k8sctl/k8sctl.go:360.25,362.4 1 0
github.com/nikogura/k8sctl/pkg/k8sctl/k8sctl.go:366.2,366.32 1 0
github.com/nikogura/k8sctl/pkg/k8sctl/k8sctl.go:366.32,367.20 1 0
github.com/nikogura/k8sctl/pkg/k8sctl/k8sctl.go:367.20,369.4 1 0
github.com/nikogura/k8sctl/pkg/k8sctl/k8sctl.go:373.2,373.41 1 0
github.com/nikogura/k8sctl/pkg/k8sctl/k8sctl.go:373.41,375.30 2 0
github.com/nikogura/k8sctl/pkg/k8sctl/k8sctl.go:375.30,377.4 1 0
github.com/nikogura/k8sctl/pkg/k8sctl/k8sctl.go:381.2,383.34 2 0
github.com/nikogura/k8sctl/pkg/k8sctl/k8sctl.go:383.34,385.3 1 0
github.com/nikogura/k8sctl/pkg/k8sctl/k8sctl.go:385.8,387.3 1 0
github.com/nikogura/k8sctl/pkg/k8sctl/k8sctl.go:389.2,389.33 1 0
github.com/nikogura/k8sctl/pkg/k8sctl/k8sctl.go:392.66,403.16 5 0
github.com/nikogura/k8sctl/pkg/k8sctl/k8sctl.go:403.16,407.3 3 0
github.com/nikogura/k8sctl/pkg/k8sctl/k8sctl.go:409.2,411.19 3 0
github.com/nikogura/k8sctl/pkg/k8sctl/k8sctl.go:411.19,413.3 1 0
github.com/nikogura/k8sctl/pkg/k8sctl/k8sctl.go:416.2,418.16 3 0
github.com/nikogura/k8sctl/pkg/k8sctl/k8sctl.go:418.16,422.3 3 0
github.com/nikogura/k8sctl/pkg/k8sctl/k8sctl.go:425.2,436.6 7 0
github.com/nikogura/k8sctl/pkg/k8sctl/k8sctl.go:436.6,437.10 1 0
github.com/nikogura/k8sctl/pkg/k8sctl/k8sctl.go:438.19,439.46 1 0
github.com/nikogura/k8sctl/pkg/k8sctl/k8sctl.go:440.39,441.10 1 0
github.com/nikogura/k8sctl/pkg/k8sctl/k8sctl.go:446.97,452.16 4 0
github.com/nikogura/k8sctl/pkg/k8sctl/k8sctl.go:452.16,455.3 2 0
github.com/nikogura/k8sctl/pkg/k8sctl/k8sctl.go:458.2,459.16 2 0
github.com/nikogura/k8sctl/pkg/k8sctl/k8sctl.go:459.16,462.3 2 0
github.com/nikogura/k8sctl/pkg/k8sctl/k8sctl.go:465.2,466.16 2 0
github.com/nikogura/k8sctl/pkg/k8sctl/k8sctl.go:466.16,469.3 2 0
github.com/nikogura/k8sctl/pkg/k8sctl/k8sctl.go:473.2,474.41 2 0
github.com/nikogura/k8sctl/pkg/k8sctl/k8sctl.go:474.41,477.3 2 0
github.com/nikogura/k8sctl/pkg/k8sctl/k8sctl.go:479.2,480.32 2 0
github.com/nikogura/k8sctl/pkg/k8sctl/k8sctl.go:480.32,482.3 1 0
github.com/nikogura/k8sctl/pkg/k8sctl/k8sctl.go:484.2,486.47 3 0
github.com/nikogura/k8sctl/pkg/k8sctl/k8sctl.go:486.47,487.37 1 0
github.com/nikogura/k8sctl/pkg/k8sctl/k8sctl.go:487.37,490.33 3 0
github.com/nikogura/k8sctl/pkg/k8sctl/k8sctl.go:490.33,492.5 1 0
github.com/nikogura/k8sctl/pkg/k8sctl/k8sctl.go:497.2,500.31 2 0
github.com/nikogura/k8sctl/pkg/k8sctl/k8sctl.go:500.31,503.43 3 0
github.com/nikogura/k8sctl/pkg/k8sctl/k8sctl.go:503.43,505.4 1 0
github.com/nikogura/k8sctl/pkg/k8sctl/k8sctl.go:509.2,509.28 1 0
github.com/nikogura/k8sctl/pkg/k8sctl/k8sctl.go:509.28,512.38 3 0
github.com/nikogura/k8sctl/pkg/k8sctl/k8sctl.go:512.38,514.4 1 0
github.com/nikogura/k8sctl/pkg/k8sctl/k8sctl.go:518.2,519.41 2 0
github.com/nikogura/k8sctl/pkg/k8sctl/k8sctl.go:519.41,521.25 2 0
github.com/nikogura/k8sctl/pkg/k8sctl/k8sctl.go:521.25,523.4 1 0
github.com/nikogura/k8sctl/pkg/k8sctl/k8sctl.go:525.2,525.23 1 0
github.com/nikogura/k8sctl/pkg/k8sctl/k8sctl.go:525.23,528.33 3 0
github.com/nikogura/k8sctl/pkg/k8sctl/k8sctl.go:528.33,530.4 1 0
github.com/nikogura/k8sctl/pkg/k8sctl/k8sctl.go:534.2,535.32 2 0
github.com/nikogura/k8sctl/pkg/k8sctl/k8sctl.go:535.32,536.20 1 0
github.com/nikogura/k8sctl/pkg/k8sctl/k8sctl.go:536.20,538.4 1 0
github.com/nikogura/k8sctl/pkg/k8sctl/k8sctl.go:540.2,540.23 1 0
github.com/nikogura/k8sctl/pkg/k8sctl/k8sctl.go:540.23,543.33 3 0
github.com/nikogura/k8sctl/pkg/k8sctl/k8sctl.go:543.33,545.4 1 0
github.com/nikogura/k8sctl/pkg/k8sctl/k8sctl.go:549.2,550.41 2 0
github.com/nikogura/k8sctl/pkg/k8sctl/k8sctl.go:550.41,552.30 2 0
github.com/nikogura/k8sctl/pkg/k8sctl/k8sctl.go:552.30,554.4 1 0
github.com/nikogura/k8sctl/pkg/k8sctl/k8sctl.go:556.2,556.22 1 0
github.com/nikogura/k8sctl/pkg/k8sctl/k8sctl.go:556.22,559.32 3 0
github.com/nikogura/k8sctl/pkg/k8sctl/k8sctl.go:559.32,561.4 1 0
github.com/nikogura/k8sctl/pkg/k8sctl/k8sctl.go:565.2,565.21 1 0
github.com/nikogura/k8sctl/pkg/k8sctl/k8sctl.go:565.21,567.3 1 0
github.com/nikogura/k8sctl/pkg/k8sctl/k8sctl.go:567.8,569.3 1 0
github.com/nikogura/k8sctl/pkg/k8sctl/k8sctl.go:571.2,571.24 1 0
github.com/nikogura/k8sctl/pkg/k8sctl/k8sctl.go:574.52,577.2 2 0
github.com/nikogura/k8sctl/pkg/k8sctl/k8sctl.go:581.56,585.2 3 0
github.com/nikogura/k8sctl/pkg/k8sctl/k8sctl.go:588.61,594.2 1 0
github.com/nikogura/k8sctl/pkg/k8sctl/k8sctl.go:597.66,615.16 5 0
github.com/nikogura/k8sctl/pkg/k8sctl/k8sctl.go:615.16,619.3 3 0
github.com/nikogura/k8sctl/pkg/k8sctl/k8sctl.go:621.2,621.24 1 0
github.com/nikogura/k8sctl/pkg/k8sctl/k8sctl.go:621.24,625.3 3 0
github.com/nikogura/k8sctl/pkg/k8sctl/k8sctl.go:627.2,632.16 4 0
github.com/nikogura/k8sctl/pkg/k8sctl/k8sctl.go:632.16,636.3 3 0
github.com/nikogura/k8sctl/pkg/k8sctl/k8sctl.go:639.2,651.16 3 0
github.com/nikogura/k8sctl/pkg/k8sctl/k8sctl.go:651.16,655.3 3 0
github.com/nikogura/k8sctl/pkg/k8sctl/k8sctl.go:657.2,657.33 1 0
github.com/nikogura/k8sctl/pkg/k8sctl/k8sctl.go:661.63,677.16 6 0
github.com/nikogura/k8sctl/pkg/k8sctl/k8sctl.go:677.16,681.3 3 0
github.com/nikogura/k8sctl/pkg/k8sctl/k8sctl.go:683.2,683.24 1 0
github.com/nikogura/k8sctl/pkg/k8sctl/k8sctl.go:683.24,687.3 3 0
github.com/nikogura/k8sctl/pkg/k8sctl/k8sctl.go:689.2,694.16 4 0
github.com/nikogura/k8sctl/pkg/k8sctl/k8sctl.go:694.16,698.3 3 0
github.com/nikogura/k8sctl/pkg/k8sctl/k8sctl.go:701.2,710.16 3 0
github.com/nikogura/k8sctl/pkg/k8sctl/k8sctl.go:710.16,714.3 3 0
github.com/nikogura/k8sctl/pkg/k8sctl/k8sctl.go:716.2,716.33 1 0
github.com/nikogura/k8sctl/pkg/k8sctl/k8sctl.go:720.63,732.16 5 0
github.com/nikogura/k8sctl/pkg/k8sctl/k8sctl.go:732.16,736.3 3 0
github.com/nikogura/k8sctl/pkg/k8sctl/k8sctl.go:738.2,743.16 4 0
github.com/nikogura/k8sctl/pkg/k8sctl/k8sctl.go:743.16,747.3 3 0
github.com/nikogura/k8sctl/pkg/k8sctl/k8sctl.go:750.2,751.16 2 0
github.com/nikogura/k8sctl/pkg/k8sctl/k8sctl.go:751.16,755.3 3 0
github.com/nikogura/k8sctl/pkg/k8sctl/k8sctl.go:758.2,759.21 2 0
github.com/nikogura/k8sctl/pkg/k8sctl/k8sctl.go:759.21,761.3 1 0
github.com/nikogura/k8sctl/pkg/k8sctl/k8sctl.go:763.2,774.35 3 0
github.com/nikogura/k8sctl/pkg/k8sctl/k8sctl.go:774.35,777.36 2 0
github.com/nikogura/k8sctl/pkg/k8sctl/k8sctl.go:777.36,778.100 1 0
github.com/nikogura/k8sctl/pkg/k8sctl/k8sctl.go:778.100,780.10 2 0
github.com/nikogura/k8sctl/pkg/k8sctl/k8sctl.go:781.10,781.102 1 0
github.com/nikogura/k8sctl/pkg/k8sctl/k8sctl.go:781.102,783.10 2 0
github.com/nikogura/k8sctl/pkg/k8sctl/k8sctl.go:787.3,787.24 1 0
github.com/nikogura/k8sctl/pkg/k8sctl/k8sctl.go:787.24,789.12 2 0
github.com/nikogura/k8sctl/pkg/k8sctl/k8sctl.go:792.3,802.19 4 0
github.com/nikogura/k8sctl/pkg/k8sctl/k8sctl.go:802.19,805.4 1 0
github.com/nikogura/k8sctl/pkg/k8sctl/k8sctl.go:807.3,807.36 1 0
github.com/nikogura/k8sctl/pkg/k8sctl/k8sctl.go:810.2,813.4 1 0
github.com/nikogura/k8sctl/pkg/k8sctl/k8sctl.go:819.60,830.2 2 0
github.com/nikogura/k8sctl/pkg/k8sctl/k8sctl_command.go:27.88,29.20 2 0
github.com/nikogura/k8sctl/pkg/k8sctl/k8sctl_command.go:29.20,32.3 2 0
github.com/nikogura/k8sctl/pkg/k8sctl/k8sctl_command.go:34.2,35.16 2 0
github.com/nikogura/k8sctl/pkg/k8sctl/k8sctl_command.go:35.16,37.3 1 0
github.com/nikogura/k8sctl/pkg/k8sctl/k8sctl_command.go:39.2,39.22 1 0
github.com/nikogura/k8sctl/pkg/k8sctl/k8sctl_command.go:42.90,46.16 3 0
github.com/nikogura/k8sctl/pkg/k8sctl/k8sctl_command.go:46.16,49.3 2 0
github.com/nikogura/k8sctl/pkg/k8sctl/k8sctl_command.go:51.2,51.22 1 0
github.com/nikogura/k8sctl/main.go:20.13,22.2 1 0
github.com/nikogura/k8sctl/pkg/oidc/config.go:16.43,24.28 3 0
github.com/nikogura/k8sctl/pkg/oidc/config.go:24.28,26.32 2 0
github.com/nikogura/k8sctl/pkg/oidc/config.go:26.32,28.21 2 0
github.com/nikogura/k8sctl/pkg/oidc/config.go:28.21,30.5 1 0
github.com/nikogura/k8sctl/pkg/oidc/config.go:34.2,34.15 1 0
github.com/nikogura/k8sctl/pkg/oidc/middleware.go:25.78,38.61 3 0
github.com/nikogura/k8sctl/pkg/oidc/middleware.go:38.61,40.4 1 0
github.com/nikogura/k8sctl/pkg/oidc/middleware.go:43.2,44.16 2 0
github.com/nikogura/k8sctl/pkg/oidc/middleware.go:44.16,48.3 2 0
github.com/nikogura/k8sctl/pkg/oidc/middleware.go:50.2,56.18 2 0
github.com/nikogura/k8sctl/pkg/oidc/middleware.go:60.89,65.16 3 0
github.com/nikogura/k8sctl/pkg/oidc/middleware.go:65.16,68.3 2 0
github.com/nikogura/k8sctl/pkg/oidc/middleware.go:71.2,74.31 4 0
github.com/nikogura/k8sctl/pkg/oidc/middleware.go:74.31,77.3 2 0
github.com/nikogura/k8sctl/pkg/oidc/middleware.go:80.2,81.16 2 0
github.com/nikogura/k8sctl/pkg/oidc/middleware.go:81.16,83.3 1 0
github.com/nikogura/k8sctl/pkg/oidc/middleware.go:86.2,87.16 2 0
github.com/nikogura/k8sctl/pkg/oidc/middleware.go:87.16,89.3 1 0
github.com/nikogura/k8sctl/pkg/oidc/middleware.go:92.2,93.16 2 0
github.com/nikogura/k8sctl/pkg/oidc/middleware.go:93.16,95.3 1 0
github.com/nikogura/k8sctl/pkg/oidc/middleware.go:98.2,99.16 2 0
github.com/nikogura/k8sctl/pkg/oidc/middleware.go:99.16,101.3 1 0
github.com/nikogura/k8sctl/pkg/oidc/middleware.go:103.2,104.20 2 0
github.com/nikogura/k8sctl/pkg/oidc/middleware.go:108.71,110.41 2 0
github.com/nikogura/k8sctl/pkg/oidc/middleware.go:110.41,113.3 2 0
github.com/nikogura/k8sctl/pkg/oidc/middleware.go:115.2,115.12 1 0
github.com/nikogura/k8sctl/pkg/oidc/middleware.go:119.73,122.16 3 0
github.com/nikogura/k8sctl/pkg/oidc/middleware.go:122.16,124.3 1 0
github.com/nikogura/k8sctl/pkg/oidc/middleware.go:126.2,127.32 2 0
github.com/nikogura/k8sctl/pkg/oidc/middleware.go:127.32,128.31 1 0
github.com/nikogura/k8sctl/pkg/oidc/middleware.go:128.31,130.9 2 0
github.com/nikogura/k8sctl/pkg/oidc/middleware.go:133.2,133.20 1 0
github.com/nikogura/k8sctl/pkg/oidc/middleware.go:133.20,136.3 2 0
github.com/nikogura/k8sctl/pkg/oidc/middleware.go:138.2,138.12 1 0
github.com/nikogura/k8sctl/pkg/oidc/middleware.go:142.95,143.40 1 0
github.com/nikogura/k8sctl/pkg/oidc/middleware.go:144.14,145.28 1 0
github.com/nikogura/k8sctl/pkg/oidc/middleware.go:146.21,147.25 1 0
github.com/nikogura/k8sctl/pkg/oidc/middleware.go:147.25,149.13 2 0
github.com/nikogura/k8sctl/pkg/oidc/middleware.go:149.13,151.5 1 0
github.com/nikogura/k8sctl/pkg/oidc/middleware.go:153.10,155.24 2 0
github.com/nikogura/k8sctl/pkg/oidc/middleware.go:158.2,158.23 1 0
github.com/nikogura/k8sctl/pkg/oidc/middleware.go:162.75,164.9 2 0
github.com/nikogura/k8sctl/pkg/oidc/middleware.go:164.9,167.3 2 0
github.com/nikogura/k8sctl/pkg/oidc/middleware.go:168.2,168.36 1 0
github.com/nikogura/k8sctl/pkg/oidc/middleware.go:168.36,171.3 2 0
github.com/nikogura/k8sctl/pkg/oidc/middleware.go:173.2,173.12 1 0
github.com/nikogura/k8sctl/pkg/oidc/middleware.go:177.80,178.38 1 0
github.com/nikogura/k8sctl/pkg/oidc/middleware.go:178.38,180.3 1 0
github.com/nikogura/k8sctl/pkg/oidc/middleware.go:182.2,184.16 3 0
github.com/nikogura/k8sctl/pkg/oidc/middleware.go:184.16,186.3 1 0
github.com/nikogura/k8sctl/pkg/oidc/middleware.go:188.2,189.39 2 0
github.com/nikogura/k8sctl/pkg/oidc/middleware.go:189.39,190.55 1 0
github.com/nikogura/k8sctl/pkg/oidc/middleware.go:190.55,191.33 1 0
github.com/nikogura/k8sctl/pkg/oidc/middleware.go:191.33,193.10 2 0
github.com/nikogura/k8sctl/pkg/oidc/middleware.go:196.3,196.20 1 0
github.com/nikogura/k8sctl/pkg/oidc/middleware.go:196.20,197.9 1 0
github.com/nikogura/k8sctl/pkg/oidc/middleware.go:201.2,201.20 1 0
github.com/nikogura/k8sctl/pkg/oidc/middleware.go:201.20,205.3 2 0
github.com/nikogura/k8sctl/pkg/oidc/middleware.go:207.2,207.12 1 0
github.com/nikogura/k8sctl/pkg/oidc/middleware.go:211.97,213.15 2 0
github.com/nikogura/k8sctl/pkg/oidc/middleware.go:213.15,216.3 2 0
github.com/nikogura/k8sctl/pkg/oidc/middleware.go:218.2,218.42 1 0
github.com/nikogura/k8sctl/pkg/oidc/middleware.go:219.21,220.28 1 0
github.com/nikogura/k8sctl/pkg/oidc/middleware.go:220.28,222.13 2 0
github.com/nikogura/k8sctl/pkg/oidc/middleware.go:222.13,224.5 1 0
github.com/nikogura/k8sctl/pkg/oidc/middleware.go:226.16,227.22 1 0
github.com/nikogura/k8sctl/pkg/oidc/middleware.go:228.10,230.25 2 0
github.com/nikogura/k8sctl/pkg/oidc/middleware.go:233.2,233.24 1 0
github.com/nikogura/k8sctl/pkg/oidc/middleware.go:237.79,239.56 1 0
github.com/nikogura/k8sctl/pkg/oidc/middleware.go:239.56,242.3 2 0
github.com/nikogura/k8sctl/pkg/oidc/middleware.go:245.2,248.12 4 0
github.com/nikogura/k8sctl/pkg/oidc/middleware.go:248.12,251.3 2 0
github.com/nikogura/k8sctl/pkg/oidc/middleware.go:254.2,256.16 3 0
github.com/nikogura/k8sctl/pkg/oidc/middleware.go:256.16,259.3 2 0
github.com/nikogura/k8sctl/pkg/oidc/middleware.go:262.2,263.22 2 0
github.com/nikogura/k8sctl/pkg/oidc/middleware.go:263.22,266.3 2 0
github.com/nikogura/k8sctl/pkg/oidc/middleware.go:268.2,269.17 2 0
github.com/nikogura/k8sctl/pkg/oidc/middleware.go:273.65,274.35 1 0
github.com/nikogura/k8sctl/pkg/oidc/middleware.go:274.35,277.23 2 0
github.com/nikogura/k8sctl/pkg/oidc/middleware.go:277.23,282.4 2 0
github.com/nikogura/k8sctl/pkg/oidc/middleware.go:284.3,285.63 2 0
github.com/nikogura/k8sctl/pkg/oidc/middleware.go:285.63,290.4 2 0
github.com/nikogura/k8sctl/pkg/oidc/middleware.go:292.3,296.17 3 0
github.com/nikogura/k8sctl/pkg/oidc/middleware.go:296.17,305.4 3 0
github.com/nikogura/k8sctl/pkg/oidc/middleware.go:308.3,311.48 2 0
github.com/nikogura/k8sctl/pkg/oidc/middleware.go:311.48,313.4 1 0
github.com/nikogura/k8sctl/pkg/oidc/middleware.go:314.3,314.44 1 0
github.com/nikogura/k8sctl/pkg/oidc/middleware.go:314.44,316.4 1 0
github.com/nikogura/k8sctl/pkg/oidc/middleware.go:318.3,324.13 2 0
github.com/nikogura/k8sctl/pkg/oidc/middleware.go:327.2,327.16 1 0
github.com/nikogura/k8sctl/cmd/auth_check.go:26.47,29.17 2 0
github.com/nikogura/k8sctl/cmd/auth_check.go:29.17,31.4 1 0
github.com/nikogura/k8sctl/cmd/auth_check.go:33.3,33.16 1 0
github.com/nikogura/k8sctl/cmd/auth_check.go:33.16,35.4 1 0
github.com/nikogura/k8sctl/cmd/auth_check.go:38.3,41.14 3 0
github.com/nikogura/k8sctl/cmd/auth_check.go:41.14,44.4 2 0
github.com/nikogura/k8sctl/cmd/auth_check.go:46.3,47.17 2 0
github.com/nikogura/k8sctl/cmd/auth_check.go:47.17,49.4 1 0
github.com/nikogura/k8sctl/cmd/auth_check.go:50.3,53.17 3 0
github.com/nikogura/k8sctl/cmd/auth_check.go:53.17,55.4 1 0
github.com/nikogura/k8sctl/cmd/auth_check.go:57.3,57.39 1 0
github.com/nikogura/k8sctl/cmd/auth_check.go:57.39,59.4 1 0
github.com/nikogura/k8sctl/cmd/auth_check.go:59.9,61.4 1 0
github.com/nikogura/k8sctl/cmd/auth_check.go:65.13,67.2 1 0
github.com/nikogura/k8sctl/cmd/auth_common.go:27.47,32.88 2 0
github.com/nikogura/k8sctl/cmd/auth_common.go:32.88,34.3 1 0
github.com/nikogura/k8sctl/cmd/auth_common.go:37.2,38.25 2 0
github.com/nikogura/k8sctl/cmd/auth_common.go:38.25,40.3 1 0
github.com/nikogura/k8sctl/cmd/auth_common.go:40.8,42.3 1 0
github.com/nikogura/k8sctl/cmd/auth_common.go:44.2,45.29 2 0
github.com/nikogura/k8sctl/cmd/auth_common.go:45.29,47.3 1 0
github.com/nikogura/k8sctl/cmd/auth_common.go:47.8,49.3 1 0
github.com/nikogura/k8sctl/cmd/auth_common.go:54.2,54.73 1 0
github.com/nikogura/k8sctl/cmd/auth_common.go:54.73,57.3 2 0
github.com/nikogura/k8sctl/cmd/auth_common.go:61.2,62.68 2 0
github.com/nikogura/k8sctl/cmd/auth_common.go:62.68,64.3 1 0
github.com/nikogura/k8sctl/cmd/auth_common.go:64.8,64.26 1 0
github.com/nikogura/k8sctl/cmd/auth_common.go:64.26,68.3 2 0
github.com/nikogura/k8sctl/cmd/auth_common.go:68.8,71.3 1 0
github.com/nikogura/k8sctl/cmd/auth_common.go:72.2,79.41 3 0
github.com/nikogura/k8sctl/cmd/auth_common.go:79.41,84.3 3 0
github.com/nikogura/k8sctl/cmd/auth_common.go:87.2,89.16 3 0
github.com/nikogura/k8sctl/cmd/auth_common.go:89.16,92.3 2 0
github.com/nikogura/k8sctl/cmd/auth_common.go:95.2,97.16 3 0
github.com/nikogura/k8sctl/cmd/auth_common.go:97.16,100.3 2 0
github.com/nikogura/k8sctl/cmd/auth_common.go:103.2,104.17 2 0
github.com/nikogura/k8sctl/cmd/auth_common.go:104.17,106.3 1 0
github.com/nikogura/k8sctl/cmd/auth_common.go:108.2,108.17 1 0
github.com/nikogura/k8sctl/cmd/auth_common.go:108.17,111.3 2 0
github.com/nikogura/k8sctl/cmd/auth_common.go:114.2,114.41 1 0
github.com/nikogura/k8sctl/cmd/auth_common.go:114.41,116.3 1 0
github.com/nikogura/k8sctl/cmd/auth_common.go:118.2,118.19 1 0
github.com/nikogura/k8sctl/cmd/auth_common.go:122.62,123.21 1 0
github.com/nikogura/k8sctl/cmd/auth_common.go:123.21,126.3 2 0
github.com/nikogura/k8sctl/cmd/auth_common.go:127.2,128.14 2 0
github.com/nikogura/k8sctl/cmd/auth_common.go:132.113,148.33 4 0
github.com/nikogura/k8sctl/cmd/auth_common.go:148.33,150.42 2 0
github.com/nikogura/k8sctl/cmd/auth_common.go:150.42,152.4 1 0
github.com/nikogura/k8sctl/cmd/auth_common.go:155.2,155.31 1 0
github.com/nikogura/k8sctl/cmd/auth_common.go:155.31,157.3 1 0
github.com/nikogura/k8sctl/cmd/auth_common.go:159.2,161.16 3 0
github.com/nikogura/k8sctl/cmd/auth_common.go:161.16,164.3 2 0
github.com/nikogura/k8sctl/cmd/auth_common.go:166.2,172.16 6 0
github.com/nikogura/k8sctl/cmd/auth_common.go:172.16,175.3 2 0
github.com/nikogura/k8sctl/cmd/auth_common.go:176.2,180.16 4 0
github.com/nikogura/k8sctl/cmd/auth_common.go:180.16,183.3 2 0
github.com/nikogura/k8sctl/cmd/auth_common.go:185.2,185.41 1 0
github.com/nikogura/k8sctl/cmd/auth_common.go:185.41,187.3 1 0
github.com/nikogura/k8sctl/cmd/auth_common.go:189.2,189.38 1 0
github.com/nikogura/k8sctl/cmd/auth_common.go:189.38,192.3 2 0
github.com/nikogura/k8sctl/cmd/auth_common.go:194.2,196.25 3 0
github.com/nikogura/k8sctl/cmd/auth_common.go:196.25,199.3 2 0
github.com/nikogura/k8sctl/cmd/auth_common.go:201.2,202.23 2 0
github.com/nikogura/k8sctl/cmd/auth_common.go:206.51,207.25 1 0
github.com/nikogura/k8sctl/cmd/auth_common.go:207.25,210.3 2 0
github.com/nikogura/k8sctl/cmd/auth_common.go:212.2,213.16 2 0
github.com/nikogura/k8sctl/cmd/auth_common.go:213.16,215.3 1 0
github.com/nikogura/k8sctl/cmd/auth_common.go:217.2,218.17 2 0
github.com/nikogura/k8sctl/cmd/auth_common.go:227.59,229.70 1 0
github.com/nikogura/k8sctl/cmd/auth_common.go:229.70,232.3 2 0
github.com/nikogura/k8sctl/cmd/auth_common.go:235.2,236.16 2 0
github.com/nikogura/k8sctl/cmd/auth_common.go:236.16,239.3 2 0
github.com/nikogura/k8sctl/cmd/auth_common.go:242.2,243.15 2 0
github.com/nikogura/k8sctl/cmd/auth_common.go:251.60,253.60 1 0
github.com/nikogura/k8sctl/cmd/auth_common.go:253.60,256.3 2 0
github.com/nikogura/k8sctl/cmd/auth_common.go:259.2,260.16 2 0
github.com/nikogura/k8sctl/cmd/auth_common.go:260.16,261.75 1 0
github.com/nikogura/k8sctl/cmd/auth_common.go:261.75,264.4 2 0
github.com/nikogura/k8sctl/cmd/auth_common.go:268.2,270.16 3 0
github.com/nikogura/k8sctl/cmd/auth_common.go:274.100,276.16 2 0
github.com/nikogura/k8sctl/cmd/auth_common.go:276.16,278.3 1 0
github.com/nikogura/k8sctl/cmd/auth_common.go:280.2,282.16 3 0
github.com/nikogura/k8sctl/cmd/auth_common.go:282.16,285.3 2 0
github.com/nikogura/k8sctl/cmd/auth_common.go:287.2,294.18 6 0
github.com/nikogura/k8sctl/cmd/cluster.go:19.13,22.2 1 0
github.com/nikogura/k8sctl/cmd/clusterdescribe.go:25.47,26.20 1 0
github.com/nikogura/k8sctl/cmd/clusterdescribe.go:26.20,27.21 1 0
github.com/nikogura/k8sctl/cmd/clusterdescribe.go:27.21,29.5 1 0
github.com/nikogura/k8sctl/cmd/clusterdescribe.go:32.3,32.20 1 0
github.com/nikogura/k8sctl/cmd/clusterdescribe.go:32.20,34.4 1 0
github.com/nikogura/k8sctl/cmd/clusterdescribe.go:37.3,38.17 2 0
github.com/nikogura/k8sctl/cmd/clusterdescribe.go:38.17,40.4 1 0
github.com/nikogura/k8sctl/cmd/clusterdescribe.go:42.3,42.16 1 0
github.com/nikogura/k8sctl/cmd/clusterdescribe.go:42.16,44.4 1 0
github.com/nikogura/k8sctl/cmd/clusterdescribe.go:46.3,49.14 3 0
github.com/nikogura/k8sctl/cmd/clusterdescribe.go:49.14,52.4 2 0
github.com/nikogura/k8sctl/cmd/clusterdescribe.go:54.3,59.17 3 0
github.com/nikogura/k8sctl/cmd/clusterdescribe.go:59.17,61.4 1 0
github.com/nikogura/k8sctl/cmd/clusterdescribe.go:63.3,64.17 2 0
github.com/nikogura/k8sctl/cmd/clusterdescribe.go:64.17,66.4 1 0
github.com/nikogura/k8sctl/cmd/clusterdescribe.go:67.3,70.17 3 0
github.com/nikogura/k8sctl/cmd/clusterdescribe.go:70.17,72.4 1 0
github.com/nikogura/k8sctl/cmd/clusterdescribe.go:74.3,74.39 1 0
github.com/nikogura/k8sctl/cmd/clusterdescribe.go:74.39,76.4 1 0
github.com/nikogura/k8sctl/cmd/clusterdescribe.go:78.3,80.17 3 0
github.com/nikogura/k8sctl/cmd/clusterdescribe.go:80.17,82.4 1 0
github.com/nikogura/k8sctl/cmd/clusterdescribe.go:84.3,84.22 1 0
github.com/nikogura/k8sctl/cmd/clusterdescribe.go:88.13,90.2 1 0
github.com/nikogura/k8sctl/cmd/clusterreconcile.go:32.47,33.20 1 0
github.com/nikogura/k8sctl/cmd/clusterreconcile.go:33.20,34.21 1 0
github.com/nikogura/k8sctl/cmd/clusterreconcile.go:34.21,36.5 1 0
github.com/nikogura/k8sctl/cmd/clusterreconcile.go:40.3,40.20 1 0
github.com/nikogura/k8sctl/cmd/clusterreconcile.go:40.20,42.4 1 0
github.com/nikogura/k8sctl/cmd/clusterreconcile.go:45.3,46.17 2 0
github.com/nikogura/k8sctl/cmd/clusterreconcile.go:46.17,48.4 1 0
github.com/nikogura/k8sctl/cmd/clusterreconcile.go:50.3,50.16 1 0
github.com/nikogura/k8sctl/cmd/clusterreconcile.go:50.16,52.4 1 0
github.com/nikogura/k8sctl/cmd/clusterreconcile.go:54.3,57.14 3 0
github.com/nikogura/k8sctl/cmd/clusterreconcile.go:57.14,60.4 2 0
github.com/nikogura/k8sctl/cmd/clusterreconcile.go:62.3,68.17 3 0
github.com/nikogura/k8sctl/cmd/clusterreconcile.go:68.17,70.4 1 0
github.com/nikogura/k8sctl/cmd/clusterreconcile.go:72.3,73.17 2 0
github.com/nikogura/k8sctl/cmd/clusterreconcile.go:73.17,75.4 1 0
github.com/nikogura/k8sctl/cmd/clusterreconcile.go:76.3,79.17 3 0
github.com/nikogura/k8sctl/cmd/clusterreconcile.go:79.17,81.4 1 0
github.com/nikogura/k8sctl/cmd/clusterreconcile.go:83.3,83.39 1 0
github.com/nikogura/k8sctl/cmd/clusterreconcile.go:83.39,85.4 1 0
github.com/nikogura/k8sctl/cmd/clusterreconcile.go:87.3,87.27 1 0
github.com/nikogura/k8sctl/cmd/clusterreconcile.go:91.13,94.2 2 0
github.com/nikogura/k8sctl/cmd/clusterupgrade.go:45.47,46.20 1 0
github.com/nikogura/k8sctl/cmd/clusterupgrade.go:46.20,47.21 1 0
github.com/nikogura/k8sctl/cmd/clusterupgrade.go:47.21,49.5 1 0
github.com/nikogura/k8sctl/cmd/clusterupgrade.go:53.3,53.20 1 0
github.com/nikogura/k8sctl/cmd/clusterupgrade.go:53.20,55.4 1 0
github.com/nikogura/k8sctl/cmd/clusterupgrade.go:58.3,59.17 2 0
github.com/nikogura/k8sctl/cmd/clusterupgrade.go:59.17,61.4 1 0
github.com/nikogura/k8sctl/cmd/clusterupgrade.go:63.3,63.16 1 0
github.com/nikogura/k8sctl/cmd/clusterupgrade.go:63.16,65.4 1 0
github.com/nikogura/k8sctl/cmd/clusterupgrade.go:67.3,67.27 1 0
github.com/nikogura/k8sctl/cmd/clusterupgrade.go:67.27,69.4 1 0
github.com/nikogura/k8sctl/cmd/clusterupgrade.go:71.3,74.14 3 0
github.com/nikogura/k8sctl/cmd/clusterupgrade.go:74.14,78.4 3 0
github.com/nikogura/k8sctl/cmd/clusterupgrade.go:80.3,93.17 3 0
github.com/nikogura/k8sctl/cmd/clusterupgrade.go:93.17,95.4 1 0
github.com/nikogura/k8sctl/cmd/clusterupgrade.go:97.3,98.17 2 0
github.com/nikogura/k8sctl/cmd/clusterupgrade.go:98.17,100.4 1 0
github.com/nikogura/k8sctl/cmd/clusterupgrade.go:101.3,104.17 3 0
github.com/nikogura/k8sctl/cmd/clusterupgrade.go:104.17,106.4 1 0
github.com/nikogura/k8sctl/cmd/clusterupgrade.go:108.3,108.39 1 0
github.com/nikogura/k8sctl/cmd/clusterupgrade.go:108.39,110.4 1 0
github.com/nikogura/k8sctl/cmd/clusterupgrade.go:112.3,112.27 1 0
github.com/nikogura/k8sctl/cmd/clusterupgrade.go:116.13,128.16 11 0
github.com/nikogura/k8sctl/cmd/clusterupgrade.go:128.16,130.3 1 0
github.com/nikogura/k8sctl/cmd/monitor.go:32.47,33.20 1 0
github.com/nikogura/k8sctl/cmd/monitor.go:33.20,34.21 1 0
github.com/nikogura/k8sctl/cmd/monitor.go:34.21,36.5 1 0
github.com/nikogura/k8sctl/cmd/monitor.go:40.3,40.20 1 0
github.com/nikogura/k8sctl/cmd/monitor.go:40.20,42.4 1 0
github.com/nikogura/k8sctl/cmd/monitor.go:45.3,46.17 2 0
github.com/nikogura/k8sctl/cmd/monitor.go:46.17,48.4 1 0
github.com/nikogura/k8sctl/cmd/monitor.go:50.3,50.16 1 0
github.com/nikogura/k8sctl/cmd/monitor.go:50.16,52.4 1 0
github.com/nikogura/k8sctl/cmd/monitor.go:54.3,57.14 3 0
github.com/nikogura/k8sctl/cmd/monitor.go:57.14,60.4 2 0
github.com/nikogura/k8sctl/cmd/monitor.go:62.3,68.17 3 0
github.com/nikogura/k8sctl/cmd/monitor.go:68.17,70.4 1 0
github.com/nikogura/k8sctl/cmd/monitor.go:72.3,73.17 2 0
github.com/nikogura/k8sctl/cmd/monitor.go:73.17,75.4 1 0
github.com/nikogura/k8sctl/cmd/monitor.go:76.3,79.17 3 0
github.com/nikogura/k8sctl/cmd/monitor.go:79.17,81.4 1 0
github.com/nikogura/k8sctl/cmd/monitor.go:83.3,83.39 1 0
github.com/nikogura/k8sctl/cmd/monitor.go:83.39,85.4 1 0
github.com/nikogura/k8sctl/cmd/monitor.go:87.3,87.27 1 0
github.com/nikogura/k8sctl/cmd/monitor.go:91.13,94.2 2 0
github.com/nikogura/k8sctl/cmd/node.go:23.13,28.2 4 0
github.com/nikogura/k8sctl/cmd/nodecreate.go:27.47,28.20 1 0
github.com/nikogura/k8sctl/cmd/nodecreate.go:28.20,29.22 1 0
github.com/nikogura/k8sctl/cmd/nodecreate.go:29.22,31.5 1 0
github.com/nikogura/k8sctl/cmd/nodecreate.go:34.3,34.20 1 0
github.com/nikogura/k8sctl/cmd/nodecreate.go:34.20,36.4 1 0
github.com/nikogura/k8sctl/cmd/nodecreate.go:39.3,40.17 2 0
github.com/nikogura/k8sctl/cmd/nodecreate.go:40.17,42.4 1 0
github.com/nikogura/k8sctl/cmd/nodecreate.go:44.3,44.16 1 0
github.com/nikogura/k8sctl/cmd/nodecreate.go:44.16,46.4 1 0
github.com/nikogura/k8sctl/cmd/nodecreate.go:48.3,48.21 1 0
github.com/nikogura/k8sctl/cmd/nodecreate.go:48.21,50.4 1 0
github.com/nikogura/k8sctl/cmd/nodecreate.go:52.3,55.14 3 0
github.com/nikogura/k8sctl/cmd/nodecreate.go:55.14,60.4 4 0
github.com/nikogura/k8sctl/cmd/nodecreate.go:62.3,72.17 3 0
github.com/nikogura/k8sctl/cmd/nodecreate.go:72.17,74.4 1 0
github.com/nikogura/k8sctl/cmd/nodecreate.go:76.3,77.17 2 0
github.com/nikogura/k8sctl/cmd/nodecreate.go:77.17,79.4 1 0
github.com/nikogura/k8sctl/cmd/nodecreate.go:80.3,83.17 3 0
github.com/nikogura/k8sctl/cmd/nodecreate.go:83.17,85.4 1 0
github.com/nikogura/k8sctl/cmd/nodecreate.go:87.3,87.39 1 0
github.com/nikogura/k8sctl/cmd/nodecreate.go:87.39,89.4 1 0
github.com/nikogura/k8sctl/cmd/nodecreate.go:91.3,91.27 1 0
github.com/nikogura/k8sctl/cmd/nodecreate.go:95.13,99.2 2 0
github.com/nikogura/k8sctl/cmd/nodedelete.go:25.47,26.20 1 0
github.com/nikogura/k8sctl/cmd/nodedelete.go:26.20,27.22 1 0
github.com/nikogura/k8sctl/cmd/nodedelete.go:27.22,29.5 1 0
github.com/nikogura/k8sctl/cmd/nodedelete.go:32.3,32.20 1 0
github.com/nikogura/k8sctl/cmd/nodedelete.go:32.20,34.4 1 0
github.com/nikogura/k8sctl/cmd/nodedelete.go:37.3,38.17 2 0
github.com/nikogura/k8sctl/cmd/nodedelete.go:38.17,40.4 1 0
github.com/nikogura/k8sctl/cmd/nodedelete.go:42.3,42.16 1 0
github.com/nikogura/k8sctl/cmd/nodedelete.go:42.16,44.4 1 0
github.com/nikogura/k8sctl/cmd/nodedelete.go:46.3,46.21 1 0
github.com/nikogura/k8sctl/cmd/nodedelete.go:46.21,48.4 1 0
github.com/nikogura/k8sctl/cmd/nodedelete.go:50.3,53.14 3 0
github.com/nikogura/k8sctl/cmd/nodedelete.go:53.14,57.4 3 0
github.com/nikogura/k8sctl/cmd/nodedelete.go:59.3,66.17 3 0
github.com/nikogura/k8sctl/cmd/nodedelete.go:66.17,68.4 1 0
github.com/nikogura/k8sctl/cmd/nodedelete.go:70.3,71.17 2 0
github.com/nikogura/k8sctl/cmd/nodedelete.go:71.17,73.4 1 0
github.com/nikogura/k8sctl/cmd/nodedelete.go:74.3,77.17 3 0
github.com/nikogura/k8sctl/cmd/nodedelete.go:77.17,79.4 1 0
github.com/nikogura/k8sctl/cmd/nodedelete.go:81.3,81.39 1 0
github.com/nikogura/k8sctl/cmd/nodedelete.go:81.39,83.4 1 0
github.com/nikogura/k8sctl/cmd/nodedelete.go:85.3,85.27 1 0
github.com/nikogura/k8sctl/cmd/nodedelete.go:89.13,101.2 1 0
github.com/nikogura/k8sctl/cmd/nodedescribe.go:23.47,24.20 1 0
github.com/nikogura/k8sctl/cmd/nodedescribe.go:24.20,25.22 1 0
github.com/nikogura/k8sctl/cmd/nodedescribe.go:25.22,27.5 1 0
github.com/nikogura/k8sctl/cmd/nodedescribe.go:30.3,30.20 1 0
github.com/nikogura/k8sctl/cmd/nodedescribe.go:30.20,32.4 1 0
github.com/nikogura/k8sctl/cmd/nodedescribe.go:35.3,36.17 2 0
github.com/nikogura/k8sctl/cmd/nodedescribe.go:36.17,38.4 1 0
github.com/nikogura/k8sctl/cmd/nodedescribe.go:40.3,40.16 1 0
github.com/nikogura/k8sctl/cmd/nodedescribe.go:40.16,42.4 1 0
github.com/nikogura/k8sctl/cmd/nodedescribe.go:44.3,44.21 1 0
github.com/nikogura/k8sctl/cmd/nodedescribe.go:44.21,46.4 1 0
github.com/nikogura/k8sctl/cmd/nodedescribe.go:48.3,51.14 3 0
github.com/nikogura/k8sctl/cmd/nodedescribe.go:51.14,55.4 3 0
github.com/nikogura/k8sctl/cmd/nodedescribe.go:57.3,59.17 3 0
github.com/nikogura/k8sctl/cmd/nodedescribe.go:59.17,61.4 1 0
github.com/nikogura/k8sctl/cmd/nodedescribe.go:63.3,64.17 2 0
github.com/nikogura/k8sctl/cmd/nodedescribe.go:64.17,66.4 1 0
github.com/nikogura/k8sctl/cmd/nodedescribe.go:67.3,70.17 3 0
github.com/nikogura/k8sctl/cmd/nodedescribe.go:70.17,72.4 1 0
github.com/nikogura/k8sctl/cmd/nodedescribe.go:74.3,74.39 1 0
github.com/nikogura/k8sctl/cmd/nodedescribe.go:74.39,76.4 1 0
github.com/nikogura/k8sctl/cmd/nodedescribe.go:78.3,78.27 1 0
github.com/nikogura/k8sctl/cmd/nodedescribe.go:82.13,85.2 1 0
github.com/nikogura/k8sctl/cmd/nodeglass.go:23.47,24.20 1 0
github.com/nikogura/k8sctl/cmd/nodeglass.go:24.20,25.22 1 0
github.com/nikogura/k8sctl/cmd/nodeglass.go:25.22,27.5 1 0
github.com/nikogura/k8sctl/cmd/nodeglass.go:30.3,30.20 1 0
github.com/nikogura/k8sctl/cmd/nodeglass.go:30.20,32.4 1 0
github.com/nikogura/k8sctl/cmd/nodeglass.go:35.3,36.17 2 0
github.com/nikogura/k8sctl/cmd/nodeglass.go:36.17,38.4 1 0
github.com/nikogura/k8sctl/cmd/nodeglass.go:40.3,40.16 1 0
github.com/nikogura/k8sctl/cmd/nodeglass.go:40.16,42.4 1 0
github.com/nikogura/k8sctl/cmd/nodeglass.go:44.3,44.21 1 0
github.com/nikogura/k8sctl/cmd/nodeglass.go:44.21,46.4 1 0
github.com/nikogura/k8sctl/cmd/nodeglass.go:48.3,51.14 3 0
github.com/nikogura/k8sctl/cmd/nodeglass.go:51.14,55.4 3 0
github.com/nikogura/k8sctl/cmd/nodeglass.go:57.3,59.17 3 0
github.com/nikogura/k8sctl/cmd/nodeglass.go:59.17,61.4 1 0
github.com/nikogura/k8sctl/cmd/nodeglass.go:63.3,64.17 2 0
github.com/nikogura/k8sctl/cmd/nodeglass.go:64.17,66.4 1 0
github.com/nikogura/k8sctl/cmd/nodeglass.go:67.3,70.17 3 0
github.com/nikogura/k8sctl/cmd/nodeglass.go:70.17,72.4 1 0
github.com/nikogura/k8sctl/cmd/nodeglass.go:74.3,74.39 1 0
github.com/nikogura/k8sctl/cmd/nodeglass.go:74.39,76.4 1 0
github.com/nikogura/k8sctl/cmd/nodeglass.go:78.3,78.27 1 0
github.com/nikogura/k8sctl/cmd/nodeglass.go:82.13,94.2 1 0
github.com/nikogura/k8sctl/cmd/nodeupgrade.go:32.47,33.20 1 0
github.com/nikogura/k8sctl/cmd/nodeupgrade.go:33.20,34.22 1 0
github.com/nikogura/k8sctl/cmd/nodeupgrade.go:34.22,36.5 1 0
github.com/nikogura/k8sctl/cmd/nodeupgrade.go:39.3,39.20 1 0
github.com/nikogura/k8sctl/cmd/nodeupgrade.go:39.20,41.4 1 0
github.com/nikogura/k8sctl/cmd/nodeupgrade.go:44.3,45.17 2 0
github.com/nikogura/k8sctl/cmd/nodeupgrade.go:45.17,47.4 1 0
github.com/nikogura/k8sctl/cmd/nodeupgrade.go:49.3,49.16 1 0
github.com/nikogura/k8sctl/cmd/nodeupgrade.go:49.16,51.4 1 0
github.com/nikogura/k8sctl/cmd/nodeupgrade.go:53.3,53.21 1 0
github.com/nikogura/k8sctl/cmd/nodeupgrade.go:53.21,55.4 1 0
github.com/nikogura/k8sctl/cmd/nodeupgrade.go:57.3,57.27 1 0
github.com/nikogura/k8sctl/cmd/nodeupgrade.go:57.27,59.4 1 0
github.com/nikogura/k8sctl/cmd/nodeupgrade.go:61.3,64.14 3 0
github.com/nikogura/k8sctl/cmd/nodeupgrade.go:64.14,69.4 4 0
github.com/nikogura/k8sctl/cmd/nodeupgrade.go:71.3,81.17 3 0
github.com/nikogura/k8sctl/cmd/nodeupgrade.go:81.17,83.4 1 0
github.com/nikogura/k8sctl/cmd/nodeupgrade.go:85.3,86.17 2 0
github.com/nikogura/k8sctl/cmd/nodeupgrade.go:86.17,88.4 1 0
github.com/nikogura/k8sctl/cmd/nodeupgrade.go:89.3,92.17 3 0
github.com/nikogura/k8sctl/cmd/nodeupgrade.go:92.17,94.4 1 0
github.com/nikogura/k8sctl/cmd/nodeupgrade.go:96.3,96.39 1 0
github.com/nikogura/k8sctl/cmd/nodeupgrade.go:96.39,98.4 1 0
github.com/nikogura/k8sctl/cmd/nodeupgrade.go:100.3,100.27 1 0
github.com/nikogura/k8sctl/cmd/nodeupgrade.go:104.13,113.16 8 0
github.com/nikogura/k8sctl/cmd/nodeupgrade.go:113.16,115.3 1 0
github.com/nikogura/k8sctl/cmd/root.go:57.16,59.16 2 0
github.com/nikogura/k8sctl/cmd/root.go:59.16,62.3 2 0
github.com/nikogura/k8sctl/cmd/root.go:65.13,75.2 9 0
github.com/nikogura/k8sctl/cmd/secretssync.go:40.47,41.20 1 0
github.com/nikogura/k8sctl/cmd/secretssync.go:41.20,42.21 1 0
github.com/nikogura/k8sctl/cmd/secretssync.go:42.21,44.5 1 0
github.com/nikogura/k8sctl/cmd/secretssync.go:48.3,48.20 1 0
github.com/nikogura/k8sctl/cmd/secretssync.go:48.20,50.4 1 0
github.com/nikogura/k8sctl/cmd/secretssync.go:53.3,54.17 2 0
github.com/nikogura/k8sctl/cmd/secretssync.go:54.17,56.4 1 0
github.com/nikogura/k8sctl/cmd/secretssync.go:58.3,58.16 1 0
github.com/nikogura/k8sctl/cmd/secretssync.go:58.16,60.4 1 0
github.com/nikogura/k8sctl/cmd/secretssync.go:62.3,65.14 3 0
github.com/nikogura/k8sctl/cmd/secretssync.go:65.14,68.22 3 0
github.com/nikogura/k8sctl/cmd/secretssync.go:68.22,70.5 1 0
github.com/nikogura/k8sctl/cmd/secretssync.go:73.3,78.21 2 0
github.com/nikogura/k8sctl/cmd/secretssync.go:78.21,80.4 1 0
github.com/nikogura/k8sctl/cmd/secretssync.go:82.3,83.17 2 0
github.com/nikogura/k8sctl/cmd/secretssync.go:83.17,85.4 1 0
github.com/nikogura/k8sctl/cmd/secretssync.go:87.3,88.17 2 0
github.com/nikogura/k8sctl/cmd/secretssync.go:88.17,90.4 1 0
github.com/nikogura/k8sctl/cmd/secretssync.go:91.3,94.17 3 0
github.com/nikogura/k8sctl/cmd/secretssync.go:94.17,96.4 1 0
github.com/nikogura/k8sctl/cmd/secretssync.go:98.3,98.39 1 0
github.com/nikogura/k8sctl/cmd/secretssync.go:98.39,100.4 1 0
github.com/nikogura/k8sctl/cmd/secretssync.go:102.3,102.27 1 0
github.com/nikogura/k8sctl/cmd/secretssync.go:106.13,113.2 5 0
github.com/nikogura/k8sctl/cmd/server.go:44.47,50.33 4 0
github.com/nikogura/k8sctl/cmd/server.go:50.33,52.4 1 0
github.com/nikogura/k8sctl/cmd/server.go:53.3,53.32 1 0
github.com/nikogura/k8sctl/cmd/server.go:53.32,55.4 1 0
github.com/nikogura/k8sctl/cmd/server.go:58.3,58.41 1 0
github.com/nikogura/k8sctl/cmd/server.go:58.41,60.4 1 0
github.com/nikogura/k8sctl/cmd/server.go:62.3,70.23 6 0
github.com/nikogura/k8sctl/cmd/server.go:70.23,72.4 1 0
github.com/nikogura/k8sctl/cmd/server.go:73.3,73.21 1 0
github.com/nikogura/k8sctl/cmd/server.go:73.21,75.4 1 0
github.com/nikogura/k8sctl/cmd/server.go:77.3,81.17 3 0
github.com/nikogura/k8sctl/cmd/server.go:81.17,83.4 1 0
github.com/nikogura/k8sctl/cmd/server.go:86.3,98.48 5 0
github.com/nikogura/k8sctl/cmd/server.go:98.48,102.4 1 0
github.com/nikogura/k8sctl/cmd/server.go:105.3,125.17 17 0
github.com/nikogura/k8sctl/cmd/server.go:125.17,127.4 1 0
github.com/nikogura/k8sctl/cmd/server.go:131.13,135.2 3 0
github.com/nikogura/k8sctl/pkg/config/config.go:30.49,33.16 3 0
github.com/nikogura/k8sctl/pkg/config/config.go:33.16,36.3 2 0
github.com/nikogura/k8sctl/pkg/config/config.go:38.2,40.16 3 0
github.com/nikogura/k8sctl/pkg/config/config.go:40.16,43.3 2 0
github.com/nikogura/k8sctl/pkg/config/config.go:45.2,45.17 1 0
github.com/nikogura/k8sctl/pkg/config/config.go:55.45,57.64 1 0
github.com/nikogura/k8sctl/pkg/config/config.go:57.64,59.17 2 0
github.com/nikogura/k8sctl/pkg/config/config.go:59.17,61.4 1 0
github.com/nikogura/k8sctl/pkg/config/config.go:62.3,62.18 1 0
github.com/nikogura/k8sctl/pkg/config/config.go:66.2,72.32 2 0
github.com/nikogura/k8sctl/pkg/config/config.go:72.32,75.21 3 0
github.com/nikogura/k8sctl/pkg/config/config.go:75.21,77.18 2 0
github.com/nikogura/k8sctl/pkg/config/config.go:77.18,79.5 1 0
github.com/nikogura/k8sctl/pkg/config/config.go:80.4,80.19 1 0
github.com/nikogura/k8sctl/pkg/config/config.go:85.2,90.17 2 0
github.com/nikogura/k8sctl/pkg/config/config.go:94.81,95.51 1 0
github.com/nikogura/k8sctl/pkg/config/config.go:95.51,98.3 2 0
github.com/nikogura/k8sctl/pkg/config/config.go:101.2,101.32 1 0
github.com/nikogura/k8sctl/pkg/config/config.go:101.32,104.3 2 0
github.com/nikogura/k8sctl/pkg/config/config.go:106.2,107.20 2 0
github.com/nikogura/k8sctl/pkg/config/config.go:112.77,113.51 1 0
github.com/nikogura/k8sctl/pkg/config/config.go:113.51,116.3 2 0
github.com/nikogura/k8sctl/pkg/config/config.go:118.2,119.18 2 0
